This is pdfTeX, Version 3.14159265-2.6-1.40.18 (MiKTeX 2.9.6350 64-bit) (preloaded format=pdflatex 2017.9.18)  29 NOV 2017 08:30
entering extended mode
**./ORD_pres.tex
(ORD_pres.tex
LaTeX2e <2017-04-15>
Babel <3.10> and hyphenation patterns for 75 language(s) loaded.

(C:\Users\Marcus.SCCWRP2K\AppData\Roaming\MiKTeX\2.9\tex\latex\beamer\beamer.cl
s
Document Class: beamer 2017/08/22 v3.43 A class for typesetting presentations

(C:\Users\Marcus.SCCWRP2K\AppData\Roaming\MiKTeX\2.9\tex\latex\beamer\beamerbas
emodes.sty
(C:\Users\Marcus.SCCWRP2K\AppData\Roaming\MiKTeX\2.9\tex\latex\etoolbox\etoolbo
x.sty
Package: etoolbox 2017/01/02 v2.4 e-TeX tools for LaTeX (JAW)
\etb@tempcnta=\count79
)
\beamer@tempbox=\box26
\beamer@tempcount=\count80
\c@beamerpauses=\count81

(C:\Users\Marcus.SCCWRP2K\AppData\Roaming\MiKTeX\2.9\tex\latex\beamer\beamerbas
edecode.sty
\beamer@slideinframe=\count82
\beamer@minimum=\count83
)
\beamer@commentbox=\box27
\beamer@modecount=\count84
) ("C:\Program Files\MiKTeX 2.9\tex\generic\oberdiek\ifpdf.sty"
Package: ifpdf 2017/03/15 v3.2 Provides the ifpdf switch
)
\headdp=\dimen102
\footheight=\dimen103
\sidebarheight=\dimen104
\beamer@tempdim=\dimen105
\beamer@finalheight=\dimen106
\beamer@animht=\dimen107
\beamer@animdp=\dimen108
\beamer@animwd=\dimen109
\beamer@leftmargin=\dimen110
\beamer@rightmargin=\dimen111
\beamer@leftsidebar=\dimen112
\beamer@rightsidebar=\dimen113
\beamer@boxsize=\dimen114
\beamer@vboxoffset=\dimen115
\beamer@descdefault=\dimen116
\beamer@descriptionwidth=\dimen117
\beamer@lastskip=\skip41
\beamer@areabox=\box28
\beamer@animcurrent=\box29
\beamer@animshowbox=\box30
\beamer@sectionbox=\box31
\beamer@logobox=\box32
\beamer@linebox=\box33
\beamer@sectioncount=\count85
\beamer@subsubsectionmax=\count86
\beamer@subsectionmax=\count87
\beamer@sectionmax=\count88
\beamer@totalheads=\count89
\beamer@headcounter=\count90
\beamer@partstartpage=\count91
\beamer@sectionstartpage=\count92
\beamer@subsectionstartpage=\count93
\beamer@animationtempa=\count94
\beamer@animationtempb=\count95
\beamer@xpos=\count96
\beamer@ypos=\count97
\beamer@showpartnumber=\count98
\beamer@currentsubsection=\count99
\beamer@coveringdepth=\count100
\beamer@sectionadjust=\count101
\beamer@tocsectionnumber=\count102

(C:\Users\Marcus.SCCWRP2K\AppData\Roaming\MiKTeX\2.9\tex\latex\beamer\beamerbas
eoptions.sty ("C:\Program Files\MiKTeX 2.9\tex\latex\graphics\keyval.sty"
Package: keyval 2014/10/28 v1.15 key=value parser (DPC)
\KV@toks@=\toks14
))
\beamer@paperwidth=\skip42
\beamer@paperheight=\skip43

("C:\Program Files\MiKTeX 2.9\tex\latex\geometry\geometry.sty"
Package: geometry 2010/09/12 v5.6 Page Geometry

("C:\Program Files\MiKTeX 2.9\tex\generic\oberdiek\ifvtex.sty"
Package: ifvtex 2016/05/16 v1.6 Detect VTeX and its facilities (HO)
Package ifvtex Info: VTeX not detected.
)
("C:\Program Files\MiKTeX 2.9\tex\generic\ifxetex\ifxetex.sty"
Package: ifxetex 2010/09/12 v0.6 Provides ifxetex conditional
)
\Gm@cnth=\count103
\Gm@cntv=\count104
\c@Gm@tempcnt=\count105
\Gm@bindingoffset=\dimen118
\Gm@wd@mp=\dimen119
\Gm@odd@mp=\dimen120
\Gm@even@mp=\dimen121
\Gm@layoutwidth=\dimen122
\Gm@layoutheight=\dimen123
\Gm@layouthoffset=\dimen124
\Gm@layoutvoffset=\dimen125
\Gm@dimlist=\toks15

("C:\Program Files\MiKTeX 2.9\tex\latex\geometry\geometry.cfg"))

Class beamer Warning: ``serif'' is obsolete. Use font theme ``serif'' instead o
n input line 334.

("C:\Program Files\MiKTeX 2.9\tex\latex\base\size11.clo"
File: size11.clo 2014/09/29 v1.4h Standard LaTeX file (size option)
)
(C:\Users\Marcus.SCCWRP2K\AppData\Roaming\MiKTeX\2.9\tex\latex\pgf\basiclayer\p
gfcore.sty ("C:\Program Files\MiKTeX 2.9\tex\latex\graphics\graphicx.sty"
Package: graphicx 2014/10/28 v1.0g Enhanced LaTeX Graphics (DPC,SPQR)

("C:\Program Files\MiKTeX 2.9\tex\latex\graphics\graphics.sty"
Package: graphics 2017/04/14 v1.1b Standard LaTeX Graphics (DPC,SPQR)

("C:\Program Files\MiKTeX 2.9\tex\latex\graphics\trig.sty"
Package: trig 2016/01/03 v1.10 sin cos tan (DPC)
)
("C:\Program Files\MiKTeX 2.9\tex\latex\graphics-cfg\graphics.cfg"
File: graphics.cfg 2016/06/04 v1.11 sample graphics configuration
)
Package graphics Info: Driver file: pdftex.def on input line 99.

("C:\Program Files\MiKTeX 2.9\tex\latex\graphics-def\pdftex.def"
File: pdftex.def 2017/01/12 v0.06k Graphics/color for pdfTeX

("C:\Program Files\MiKTeX 2.9\tex\generic\oberdiek\infwarerr.sty"
Package: infwarerr 2016/05/16 v1.4 Providing info/warning/error messages (HO)
)
("C:\Program Files\MiKTeX 2.9\tex\generic\oberdiek\ltxcmds.sty"
Package: ltxcmds 2016/05/16 v1.23 LaTeX kernel commands for general use (HO)
)
\Gread@gobject=\count106
))
\Gin@req@height=\dimen126
\Gin@req@width=\dimen127
)
(C:\Users\Marcus.SCCWRP2K\AppData\Roaming\MiKTeX\2.9\tex\latex\pgf\systemlayer\
pgfsys.sty
(C:\Users\Marcus.SCCWRP2K\AppData\Roaming\MiKTeX\2.9\tex\latex\pgf\utilities\pg
frcs.sty
(C:\Users\Marcus.SCCWRP2K\AppData\Roaming\MiKTeX\2.9\tex\generic\pgf\utilities\
pgfutil-common.tex
\pgfutil@everybye=\toks16
\pgfutil@tempdima=\dimen128
\pgfutil@tempdimb=\dimen129

(C:\Users\Marcus.SCCWRP2K\AppData\Roaming\MiKTeX\2.9\tex\generic\pgf\utilities\
pgfutil-common-lists.tex))
(C:\Users\Marcus.SCCWRP2K\AppData\Roaming\MiKTeX\2.9\tex\generic\pgf\utilities\
pgfutil-latex.def
\pgfutil@abb=\box34

(C:\Users\Marcus.SCCWRP2K\AppData\Roaming\MiKTeX\2.9\tex\latex\ms\everyshi.sty
Package: everyshi 2001/05/15 v3.00 EveryShipout Package (MS)
))
(C:\Users\Marcus.SCCWRP2K\AppData\Roaming\MiKTeX\2.9\tex\generic\pgf\utilities\
pgfrcs.code.tex
Package: pgfrcs 2015/08/07 v3.0.1a (rcs-revision 1.31)
))
(C:\Users\Marcus.SCCWRP2K\AppData\Roaming\MiKTeX\2.9\tex\generic\pgf\systemlaye
r\pgfsys.code.tex
Package: pgfsys 2014/07/09 v3.0.1a (rcs-revision 1.48)

(C:\Users\Marcus.SCCWRP2K\AppData\Roaming\MiKTeX\2.9\tex\generic\pgf\utilities\
pgfkeys.code.tex
\pgfkeys@pathtoks=\toks17
\pgfkeys@temptoks=\toks18

(C:\Users\Marcus.SCCWRP2K\AppData\Roaming\MiKTeX\2.9\tex\generic\pgf\utilities\
pgfkeysfiltered.code.tex
\pgfkeys@tmptoks=\toks19
))
\pgf@x=\dimen130
\pgf@y=\dimen131
\pgf@xa=\dimen132
\pgf@ya=\dimen133
\pgf@xb=\dimen134
\pgf@yb=\dimen135
\pgf@xc=\dimen136
\pgf@yc=\dimen137
\w@pgf@writea=\write3
\r@pgf@reada=\read1
\c@pgf@counta=\count107
\c@pgf@countb=\count108
\c@pgf@countc=\count109
\c@pgf@countd=\count110
\t@pgf@toka=\toks20
\t@pgf@tokb=\toks21
\t@pgf@tokc=\toks22

(C:\Users\Marcus.SCCWRP2K\AppData\Roaming\MiKTeX\2.9\tex\generic\pgf\systemlaye
r\pgf.cfg
File: pgf.cfg 2008/05/14  (rcs-revision 1.7)
)
Driver file for pgf: pgfsys-pdftex.def

(C:\Users\Marcus.SCCWRP2K\AppData\Roaming\MiKTeX\2.9\tex\generic\pgf\systemlaye
r\pgfsys-pdftex.def
File: pgfsys-pdftex.def 2014/10/11  (rcs-revision 1.35)

(C:\Users\Marcus.SCCWRP2K\AppData\Roaming\MiKTeX\2.9\tex\generic\pgf\systemlaye
r\pgfsys-common-pdf.def
File: pgfsys-common-pdf.def 2013/10/10  (rcs-revision 1.13)
)))
(C:\Users\Marcus.SCCWRP2K\AppData\Roaming\MiKTeX\2.9\tex\generic\pgf\systemlaye
r\pgfsyssoftpath.code.tex
File: pgfsyssoftpath.code.tex 2013/09/09  (rcs-revision 1.9)
\pgfsyssoftpath@smallbuffer@items=\count111
\pgfsyssoftpath@bigbuffer@items=\count112
)
(C:\Users\Marcus.SCCWRP2K\AppData\Roaming\MiKTeX\2.9\tex\generic\pgf\systemlaye
r\pgfsysprotocol.code.tex
File: pgfsysprotocol.code.tex 2006/10/16  (rcs-revision 1.4)
))
(C:\Users\Marcus.SCCWRP2K\AppData\Roaming\MiKTeX\2.9\tex\latex\xcolor\xcolor.st
y
Package: xcolor 2016/05/11 v2.12 LaTeX color extensions (UK)
 ("C:\Program Files\MiKTeX 2.9\tex\latex\graphics-cfg\color.cfg"
File: color.cfg 2016/01/02 v1.6 sample color configuration
)
Package xcolor Info: Driver file: pdftex.def on input line 225.
Package xcolor Info: Model `cmy' substituted by `cmy0' on input line 1348.
Package xcolor Info: Model `hsb' substituted by `rgb' on input line 1352.
Package xcolor Info: Model `RGB' extended on input line 1364.
Package xcolor Info: Model `HTML' substituted by `rgb' on input line 1366.
Package xcolor Info: Model `Hsb' substituted by `hsb' on input line 1367.
Package xcolor Info: Model `tHsb' substituted by `hsb' on input line 1368.
Package xcolor Info: Model `HSB' substituted by `hsb' on input line 1369.
Package xcolor Info: Model `Gray' substituted by `gray' on input line 1370.
Package xcolor Info: Model `wave' substituted by `hsb' on input line 1371.
)
(C:\Users\Marcus.SCCWRP2K\AppData\Roaming\MiKTeX\2.9\tex\generic\pgf\basiclayer
\pgfcore.code.tex
Package: pgfcore 2010/04/11 v3.0.1a (rcs-revision 1.7)

(C:\Users\Marcus.SCCWRP2K\AppData\Roaming\MiKTeX\2.9\tex\generic\pgf\math\pgfma
th.code.tex
(C:\Users\Marcus.SCCWRP2K\AppData\Roaming\MiKTeX\2.9\tex\generic\pgf\math\pgfma
thcalc.code.tex
(C:\Users\Marcus.SCCWRP2K\AppData\Roaming\MiKTeX\2.9\tex\generic\pgf\math\pgfma
thutil.code.tex)
(C:\Users\Marcus.SCCWRP2K\AppData\Roaming\MiKTeX\2.9\tex\generic\pgf\math\pgfma
thparser.code.tex
\pgfmath@dimen=\dimen138
\pgfmath@count=\count113
\pgfmath@box=\box35
\pgfmath@toks=\toks23
\pgfmath@stack@operand=\toks24
\pgfmath@stack@operation=\toks25
)
(C:\Users\Marcus.SCCWRP2K\AppData\Roaming\MiKTeX\2.9\tex\generic\pgf\math\pgfma
thfunctions.code.tex
(C:\Users\Marcus.SCCWRP2K\AppData\Roaming\MiKTeX\2.9\tex\generic\pgf\math\pgfma
thfunctions.basic.code.tex)
(C:\Users\Marcus.SCCWRP2K\AppData\Roaming\MiKTeX\2.9\tex\generic\pgf\math\pgfma
thfunctions.trigonometric.code.tex)
(C:\Users\Marcus.SCCWRP2K\AppData\Roaming\MiKTeX\2.9\tex\generic\pgf\math\pgfma
thfunctions.random.code.tex)
(C:\Users\Marcus.SCCWRP2K\AppData\Roaming\MiKTeX\2.9\tex\generic\pgf\math\pgfma
thfunctions.comparison.code.tex)
(C:\Users\Marcus.SCCWRP2K\AppData\Roaming\MiKTeX\2.9\tex\generic\pgf\math\pgfma
thfunctions.base.code.tex)
(C:\Users\Marcus.SCCWRP2K\AppData\Roaming\MiKTeX\2.9\tex\generic\pgf\math\pgfma
thfunctions.round.code.tex)
(C:\Users\Marcus.SCCWRP2K\AppData\Roaming\MiKTeX\2.9\tex\generic\pgf\math\pgfma
thfunctions.misc.code.tex)
(C:\Users\Marcus.SCCWRP2K\AppData\Roaming\MiKTeX\2.9\tex\generic\pgf\math\pgfma
thfunctions.integerarithmetics.code.tex)))
(C:\Users\Marcus.SCCWRP2K\AppData\Roaming\MiKTeX\2.9\tex\generic\pgf\math\pgfma
thfloat.code.tex
\c@pgfmathroundto@lastzeros=\count114
))
(C:\Users\Marcus.SCCWRP2K\AppData\Roaming\MiKTeX\2.9\tex\generic\pgf\basiclayer
\pgfcorepoints.code.tex
File: pgfcorepoints.code.tex 2013/10/07  (rcs-revision 1.27)
\pgf@picminx=\dimen139
\pgf@picmaxx=\dimen140
\pgf@picminy=\dimen141
\pgf@picmaxy=\dimen142
\pgf@pathminx=\dimen143
\pgf@pathmaxx=\dimen144
\pgf@pathminy=\dimen145
\pgf@pathmaxy=\dimen146
\pgf@xx=\dimen147
\pgf@xy=\dimen148
\pgf@yx=\dimen149
\pgf@yy=\dimen150
\pgf@zx=\dimen151
\pgf@zy=\dimen152
)
(C:\Users\Marcus.SCCWRP2K\AppData\Roaming\MiKTeX\2.9\tex\generic\pgf\basiclayer
\pgfcorepathconstruct.code.tex
File: pgfcorepathconstruct.code.tex 2013/10/07  (rcs-revision 1.29)
\pgf@path@lastx=\dimen153
\pgf@path@lasty=\dimen154
)
(C:\Users\Marcus.SCCWRP2K\AppData\Roaming\MiKTeX\2.9\tex\generic\pgf\basiclayer
\pgfcorepathusage.code.tex
File: pgfcorepathusage.code.tex 2014/11/02  (rcs-revision 1.24)
\pgf@shorten@end@additional=\dimen155
\pgf@shorten@start@additional=\dimen156
)
(C:\Users\Marcus.SCCWRP2K\AppData\Roaming\MiKTeX\2.9\tex\generic\pgf\basiclayer
\pgfcorescopes.code.tex
File: pgfcorescopes.code.tex 2015/05/08  (rcs-revision 1.46)
\pgfpic=\box36
\pgf@hbox=\box37
\pgf@layerbox@main=\box38
\pgf@picture@serial@count=\count115
)
(C:\Users\Marcus.SCCWRP2K\AppData\Roaming\MiKTeX\2.9\tex\generic\pgf\basiclayer
\pgfcoregraphicstate.code.tex
File: pgfcoregraphicstate.code.tex 2014/11/02  (rcs-revision 1.12)
\pgflinewidth=\dimen157
)
(C:\Users\Marcus.SCCWRP2K\AppData\Roaming\MiKTeX\2.9\tex\generic\pgf\basiclayer
\pgfcoretransformations.code.tex
File: pgfcoretransformations.code.tex 2015/08/07  (rcs-revision 1.20)
\pgf@pt@x=\dimen158
\pgf@pt@y=\dimen159
\pgf@pt@temp=\dimen160
)
(C:\Users\Marcus.SCCWRP2K\AppData\Roaming\MiKTeX\2.9\tex\generic\pgf\basiclayer
\pgfcorequick.code.tex
File: pgfcorequick.code.tex 2008/10/09  (rcs-revision 1.3)
)
(C:\Users\Marcus.SCCWRP2K\AppData\Roaming\MiKTeX\2.9\tex\generic\pgf\basiclayer
\pgfcoreobjects.code.tex
File: pgfcoreobjects.code.tex 2006/10/11  (rcs-revision 1.2)
)
(C:\Users\Marcus.SCCWRP2K\AppData\Roaming\MiKTeX\2.9\tex\generic\pgf\basiclayer
\pgfcorepathprocessing.code.tex
File: pgfcorepathprocessing.code.tex 2013/09/09  (rcs-revision 1.9)
)
(C:\Users\Marcus.SCCWRP2K\AppData\Roaming\MiKTeX\2.9\tex\generic\pgf\basiclayer
\pgfcorearrows.code.tex
File: pgfcorearrows.code.tex 2015/05/14  (rcs-revision 1.43)
\pgfarrowsep=\dimen161
)
(C:\Users\Marcus.SCCWRP2K\AppData\Roaming\MiKTeX\2.9\tex\generic\pgf\basiclayer
\pgfcoreshade.code.tex
File: pgfcoreshade.code.tex 2013/07/15  (rcs-revision 1.15)
\pgf@max=\dimen162
\pgf@sys@shading@range@num=\count116
)
(C:\Users\Marcus.SCCWRP2K\AppData\Roaming\MiKTeX\2.9\tex\generic\pgf\basiclayer
\pgfcoreimage.code.tex
File: pgfcoreimage.code.tex 2013/07/15  (rcs-revision 1.18)

(C:\Users\Marcus.SCCWRP2K\AppData\Roaming\MiKTeX\2.9\tex\generic\pgf\basiclayer
\pgfcoreexternal.code.tex
File: pgfcoreexternal.code.tex 2014/07/09  (rcs-revision 1.21)
\pgfexternal@startupbox=\box39
))
(C:\Users\Marcus.SCCWRP2K\AppData\Roaming\MiKTeX\2.9\tex\generic\pgf\basiclayer
\pgfcorelayers.code.tex
File: pgfcorelayers.code.tex 2013/07/18  (rcs-revision 1.7)
)
(C:\Users\Marcus.SCCWRP2K\AppData\Roaming\MiKTeX\2.9\tex\generic\pgf\basiclayer
\pgfcoretransparency.code.tex
File: pgfcoretransparency.code.tex 2013/09/30  (rcs-revision 1.5)
)
(C:\Users\Marcus.SCCWRP2K\AppData\Roaming\MiKTeX\2.9\tex\generic\pgf\basiclayer
\pgfcorepatterns.code.tex
File: pgfcorepatterns.code.tex 2013/11/07  (rcs-revision 1.5)
)))
(C:\Users\Marcus.SCCWRP2K\AppData\Roaming\MiKTeX\2.9\tex\latex\pgf\utilities\xx
color.sty
Package: xxcolor 2003/10/24 ver 0.1
\XC@nummixins=\count117
\XC@countmixins=\count118
) ("C:\Program Files\MiKTeX 2.9\tex\generic\oberdiek\atbegshi.sty"
Package: atbegshi 2016/06/09 v1.18 At begin shipout hook (HO)
)
("C:\Program Files\MiKTeX 2.9\tex\latex\hyperref\hyperref.sty"
Package: hyperref 2017/03/14 v6.85a Hypertext links for LaTeX

("C:\Program Files\MiKTeX 2.9\tex\generic\oberdiek\hobsub-hyperref.sty"
Package: hobsub-hyperref 2016/05/16 v1.14 Bundle oberdiek, subset hyperref (HO)


("C:\Program Files\MiKTeX 2.9\tex\generic\oberdiek\hobsub-generic.sty"
Package: hobsub-generic 2016/05/16 v1.14 Bundle oberdiek, subset generic (HO)
Package: hobsub 2016/05/16 v1.14 Construct package bundles (HO)
Package hobsub Info: Skipping package `infwarerr' (already loaded).
Package hobsub Info: Skipping package `ltxcmds' (already loaded).
Package: ifluatex 2016/05/16 v1.4 Provides the ifluatex switch (HO)
Package ifluatex Info: LuaTeX not detected.
Package hobsub Info: Skipping package `ifvtex' (already loaded).
Package: intcalc 2016/05/16 v1.2 Expandable calculations with integers (HO)
Package hobsub Info: Skipping package `ifpdf' (already loaded).
Package: etexcmds 2016/05/16 v1.6 Avoid name clashes with e-TeX commands (HO)
Package etexcmds Info: Could not find \expanded.
(etexcmds)             That can mean that you are not using pdfTeX 1.50 or
(etexcmds)             that some package has redefined \expanded.
(etexcmds)             In the latter case, load this package earlier.
Package: kvsetkeys 2016/05/16 v1.17 Key value parser (HO)
Package: kvdefinekeys 2016/05/16 v1.4 Define keys (HO)
Package: pdftexcmds 2017/03/19 v0.25 Utility functions of pdfTeX for LuaTeX (HO
)
Package pdftexcmds Info: LuaTeX not detected.
Package pdftexcmds Info: \pdf@primitive is available.
Package pdftexcmds Info: \pdf@ifprimitive is available.
Package pdftexcmds Info: \pdfdraftmode found.
Package: pdfescape 2016/05/16 v1.14 Implements pdfTeX's escape features (HO)
Package: bigintcalc 2016/05/16 v1.4 Expandable calculations on big integers (HO
)
Package: bitset 2016/05/16 v1.2 Handle bit-vector datatype (HO)
Package: uniquecounter 2016/05/16 v1.3 Provide unlimited unique counter (HO)
)
Package hobsub Info: Skipping package `hobsub' (already loaded).
Package: letltxmacro 2016/05/16 v1.5 Let assignment for LaTeX macros (HO)
Package: hopatch 2016/05/16 v1.3 Wrapper for package hooks (HO)
Package: xcolor-patch 2016/05/16 xcolor patch
Package: atveryend 2016/05/16 v1.9 Hooks at the very end of document (HO)
Package hobsub Info: Skipping package `atbegshi' (already loaded).
Package: refcount 2016/05/16 v3.5 Data extraction from label references (HO)
Package: hycolor 2016/05/16 v1.8 Color options for hyperref/bookmark (HO)
)
("C:\Program Files\MiKTeX 2.9\tex\latex\oberdiek\auxhook.sty"
Package: auxhook 2016/05/16 v1.4 Hooks for auxiliary files (HO)
)
("C:\Program Files\MiKTeX 2.9\tex\latex\oberdiek\kvoptions.sty"
Package: kvoptions 2016/05/16 v3.12 Key value format for package options (HO)
)
\@linkdim=\dimen163
\Hy@linkcounter=\count119
\Hy@pagecounter=\count120

("C:\Program Files\MiKTeX 2.9\tex\latex\hyperref\pd1enc.def"
File: pd1enc.def 2017/03/14 v6.85a Hyperref: PDFDocEncoding definition (HO)
)
\Hy@SavedSpaceFactor=\count121

("C:\Program Files\MiKTeX 2.9\tex\latex\00miktex\hyperref.cfg"
File: hyperref.cfg 2002/06/06 v1.2 hyperref configuration of TeXLive
)
Package hyperref Info: Option `bookmarks' set `true' on input line 4374.
Package hyperref Info: Option `bookmarksopen' set `true' on input line 4374.
Package hyperref Info: Option `implicit' set `false' on input line 4374.
Package hyperref Info: Hyper figures OFF on input line 4498.
Package hyperref Info: Link nesting OFF on input line 4503.
Package hyperref Info: Hyper index ON on input line 4506.
Package hyperref Info: Plain pages OFF on input line 4513.
Package hyperref Info: Backreferencing OFF on input line 4518.
Package hyperref Info: Implicit mode OFF; no redefinition of LaTeX internals.
Package hyperref Info: Bookmarks ON on input line 4751.
\c@Hy@tempcnt=\count122

(C:\Users\Marcus.SCCWRP2K\AppData\Roaming\MiKTeX\2.9\tex\latex\url\url.sty
\Urlmuskip=\muskip10
Package: url 2013/09/16  ver 3.4  Verb mode for urls, etc.
)
LaTeX Info: Redefining \url on input line 5104.
\XeTeXLinkMargin=\dimen164
\Fld@menulength=\count123
\Field@Width=\dimen165
\Fld@charsize=\dimen166
Package hyperref Info: Hyper figures OFF on input line 6358.
Package hyperref Info: Link nesting OFF on input line 6363.
Package hyperref Info: Hyper index ON on input line 6366.
Package hyperref Info: backreferencing OFF on input line 6373.
Package hyperref Info: Link coloring OFF on input line 6378.
Package hyperref Info: Link coloring with OCG OFF on input line 6383.
Package hyperref Info: PDF/A mode OFF on input line 6388.
LaTeX Info: Redefining \ref on input line 6428.
LaTeX Info: Redefining \pageref on input line 6432.
\Hy@abspage=\count124


Package hyperref Message: Stopped early.

)

Package hyperref Message: Driver (autodetected): hpdftex.

("C:\Program Files\MiKTeX 2.9\tex\latex\hyperref\hpdftex.def"
File: hpdftex.def 2017/03/14 v6.85a Hyperref driver for pdfTeX
\Fld@listcount=\count125
\c@bookmark@seq@number=\count126

("C:\Program Files\MiKTeX 2.9\tex\latex\oberdiek\rerunfilecheck.sty"
Package: rerunfilecheck 2016/05/16 v1.8 Rerun checks for auxiliary files (HO)
Package uniquecounter Info: New unique counter `rerunfilecheck' on input line 2
82.
))
(C:\Users\Marcus.SCCWRP2K\AppData\Roaming\MiKTeX\2.9\tex\latex\beamer\beamerbas
erequires.sty
(C:\Users\Marcus.SCCWRP2K\AppData\Roaming\MiKTeX\2.9\tex\latex\beamer\beamerbas
ecompatibility.sty)
(C:\Users\Marcus.SCCWRP2K\AppData\Roaming\MiKTeX\2.9\tex\latex\beamer\beamerbas
efont.sty ("C:\Program Files\MiKTeX 2.9\tex\latex\amsfonts\amssymb.sty"
Package: amssymb 2013/01/14 v3.01 AMS font symbols

("C:\Program Files\MiKTeX 2.9\tex\latex\amsfonts\amsfonts.sty"
Package: amsfonts 2013/01/14 v3.01 Basic AMSFonts support
\@emptytoks=\toks26
\symAMSa=\mathgroup4
\symAMSb=\mathgroup5
LaTeX Font Info:    Overwriting math alphabet `\mathfrak' in version `bold'
(Font)                  U/euf/m/n --> U/euf/b/n on input line 106.
)))
(C:\Users\Marcus.SCCWRP2K\AppData\Roaming\MiKTeX\2.9\tex\latex\beamer\beamerbas
etranslator.sty
(C:\Users\Marcus.SCCWRP2K\AppData\Roaming\MiKTeX\2.9\tex\latex\beamer\translato
r\translator.sty
Package: translator 2010/06/12 ver 1.10

(C:\Users\Marcus.SCCWRP2K\AppData\Roaming\MiKTeX\2.9\tex\latex\beamer\translato
r\translator-language-mappings.tex)))
(C:\Users\Marcus.SCCWRP2K\AppData\Roaming\MiKTeX\2.9\tex\latex\beamer\beamerbas
emisc.sty)
(C:\Users\Marcus.SCCWRP2K\AppData\Roaming\MiKTeX\2.9\tex\latex\beamer\beamerbas
etwoscreens.sty)
(C:\Users\Marcus.SCCWRP2K\AppData\Roaming\MiKTeX\2.9\tex\latex\beamer\beamerbas
eoverlay.sty
\beamer@argscount=\count127
\beamer@lastskipcover=\skip44
\beamer@trivlistdepth=\count128
)
(C:\Users\Marcus.SCCWRP2K\AppData\Roaming\MiKTeX\2.9\tex\latex\beamer\beamerbas
etitle.sty)
(C:\Users\Marcus.SCCWRP2K\AppData\Roaming\MiKTeX\2.9\tex\latex\beamer\beamerbas
esection.sty
\c@lecture=\count129
\c@part=\count130
\c@section=\count131
\c@subsection=\count132
\c@subsubsection=\count133
)
(C:\Users\Marcus.SCCWRP2K\AppData\Roaming\MiKTeX\2.9\tex\latex\beamer\beamerbas
eframe.sty
\beamer@framebox=\box40
\beamer@frametitlebox=\box41
\beamer@zoombox=\box42
\beamer@zoomcount=\count134
\beamer@zoomframecount=\count135
\beamer@frametextheight=\dimen167
\c@subsectionslide=\count136
\beamer@frametopskip=\skip45
\beamer@framebottomskip=\skip46
\beamer@frametopskipautobreak=\skip47
\beamer@framebottomskipautobreak=\skip48
\beamer@envbody=\toks27
\framewidth=\dimen168
\c@framenumber=\count137
)
(C:\Users\Marcus.SCCWRP2K\AppData\Roaming\MiKTeX\2.9\tex\latex\beamer\beamerbas
everbatim.sty
\beamer@verbatimfileout=\write4
)
(C:\Users\Marcus.SCCWRP2K\AppData\Roaming\MiKTeX\2.9\tex\latex\beamer\beamerbas
eframesize.sty
\beamer@splitbox=\box43
\beamer@autobreakcount=\count138
\beamer@autobreaklastheight=\dimen169
\beamer@frametitletoks=\toks28
\beamer@framesubtitletoks=\toks29
)
(C:\Users\Marcus.SCCWRP2K\AppData\Roaming\MiKTeX\2.9\tex\latex\beamer\beamerbas
eframecomponents.sty
\beamer@footins=\box44
)
(C:\Users\Marcus.SCCWRP2K\AppData\Roaming\MiKTeX\2.9\tex\latex\beamer\beamerbas
ecolor.sty
\beamer@bg@ht=\dimen170
\beamer@bg@wd=\dimen171
\beamer@bg@dp=\dimen172
)
(C:\Users\Marcus.SCCWRP2K\AppData\Roaming\MiKTeX\2.9\tex\latex\beamer\beamerbas
enotes.sty
\beamer@frameboxcopy=\box45
)
(C:\Users\Marcus.SCCWRP2K\AppData\Roaming\MiKTeX\2.9\tex\latex\beamer\beamerbas
etoc.sty)
(C:\Users\Marcus.SCCWRP2K\AppData\Roaming\MiKTeX\2.9\tex\latex\beamer\beamerbas
etemplates.sty
\beamer@sbttoks=\toks30

(C:\Users\Marcus.SCCWRP2K\AppData\Roaming\MiKTeX\2.9\tex\latex\beamer\beamerbas
eauxtemplates.sty
(C:\Users\Marcus.SCCWRP2K\AppData\Roaming\MiKTeX\2.9\tex\latex\beamer\beamerbas
eboxes.sty
\bmb@box=\box46
\bmb@colorbox=\box47
\bmb@boxshadow=\box48
\bmb@boxshadowball=\box49
\bmb@boxshadowballlarge=\box50
\bmb@temp=\dimen173
\bmb@dima=\dimen174
\bmb@dimb=\dimen175
\bmb@prevheight=\dimen176
)
\beamer@blockheadheight=\dimen177
))
(C:\Users\Marcus.SCCWRP2K\AppData\Roaming\MiKTeX\2.9\tex\latex\beamer\beamerbas
elocalstructure.sty ("C:\Program Files\MiKTeX 2.9\tex\latex\tools\enumerate.sty
"
Package: enumerate 2015/07/23 v3.00 enumerate extensions (DPC)
\@enLab=\toks31
)
\c@figure=\count139
\c@table=\count140
\abovecaptionskip=\skip49
\belowcaptionskip=\skip50
)
(C:\Users\Marcus.SCCWRP2K\AppData\Roaming\MiKTeX\2.9\tex\latex\beamer\beamerbas
enavigation.sty
\beamer@section@min@dim=\dimen178
)
(C:\Users\Marcus.SCCWRP2K\AppData\Roaming\MiKTeX\2.9\tex\latex\beamer\beamerbas
etheorems.sty ("C:\Program Files\MiKTeX 2.9\tex\latex\amsmath\amsmath.sty"
Package: amsmath 2016/11/05 v2.16a AMS math features
\@mathmargin=\skip51

For additional information on amsmath, use the `?' option.
("C:\Program Files\MiKTeX 2.9\tex\latex\amsmath\amstext.sty"
Package: amstext 2000/06/29 v2.01 AMS text

("C:\Program Files\MiKTeX 2.9\tex\latex\amsmath\amsgen.sty"
File: amsgen.sty 1999/11/30 v2.0 generic functions
\@emptytoks=\toks32
\ex@=\dimen179
))
("C:\Program Files\MiKTeX 2.9\tex\latex\amsmath\amsbsy.sty"
Package: amsbsy 1999/11/29 v1.2d Bold Symbols
\pmbraise@=\dimen180
)
("C:\Program Files\MiKTeX 2.9\tex\latex\amsmath\amsopn.sty"
Package: amsopn 2016/03/08 v2.02 operator names
)
\inf@bad=\count141
LaTeX Info: Redefining \frac on input line 213.
\uproot@=\count142
\leftroot@=\count143
LaTeX Info: Redefining \overline on input line 375.
\classnum@=\count144
\DOTSCASE@=\count145
LaTeX Info: Redefining \ldots on input line 472.
LaTeX Info: Redefining \dots on input line 475.
LaTeX Info: Redefining \cdots on input line 596.
\Mathstrutbox@=\box51
\strutbox@=\box52
\big@size=\dimen181
LaTeX Font Info:    Redeclaring font encoding OML on input line 712.
LaTeX Font Info:    Redeclaring font encoding OMS on input line 713.
\macc@depth=\count146
\c@MaxMatrixCols=\count147
\dotsspace@=\muskip11
\c@parentequation=\count148
\dspbrk@lvl=\count149
\tag@help=\toks33
\row@=\count150
\column@=\count151
\maxfields@=\count152
\andhelp@=\toks34
\eqnshift@=\dimen182
\alignsep@=\dimen183
\tagshift@=\dimen184
\tagwidth@=\dimen185
\totwidth@=\dimen186
\lineht@=\dimen187
\@envbody=\toks35
\multlinegap=\skip52
\multlinetaggap=\skip53
\mathdisplay@stack=\toks36
LaTeX Info: Redefining \[ on input line 2817.
LaTeX Info: Redefining \] on input line 2818.
)
("C:\Program Files\MiKTeX 2.9\tex\latex\amscls\amsthm.sty"
Package: amsthm 2015/03/04 v2.20.2
\thm@style=\toks37
\thm@bodyfont=\toks38
\thm@headfont=\toks39
\thm@notefont=\toks40
\thm@headpunct=\toks41
\thm@preskip=\skip54
\thm@postskip=\skip55
\thm@headsep=\skip56
\dth@everypar=\toks42
)
\c@theorem=\count153
)
(C:\Users\Marcus.SCCWRP2K\AppData\Roaming\MiKTeX\2.9\tex\latex\beamer\beamerbas
ethemes.sty))
(C:\Users\Marcus.SCCWRP2K\AppData\Roaming\MiKTeX\2.9\tex\latex\beamer\themes\th
eme\beamerthemedefault.sty
(C:\Users\Marcus.SCCWRP2K\AppData\Roaming\MiKTeX\2.9\tex\latex\beamer\themes\fo
nt\beamerfontthemedefault.sty)
(C:\Users\Marcus.SCCWRP2K\AppData\Roaming\MiKTeX\2.9\tex\latex\beamer\themes\co
lor\beamercolorthemedefault.sty)
(C:\Users\Marcus.SCCWRP2K\AppData\Roaming\MiKTeX\2.9\tex\latex\beamer\themes\in
ner\beamerinnerthemedefault.sty
\beamer@dima=\dimen188
\beamer@dimb=\dimen189
)
(C:\Users\Marcus.SCCWRP2K\AppData\Roaming\MiKTeX\2.9\tex\latex\beamer\themes\ou
ter\beamerouterthemedefault.sty)))
(C:\Users\Marcus.SCCWRP2K\AppData\Roaming\MiKTeX\2.9\tex\latex\framed\framed.st
y
Package: framed 2011/10/22 v 0.96: framed or shaded text with page breaks
\OuterFrameSep=\skip57
\fb@frw=\dimen190
\fb@frh=\dimen191
\FrameRule=\dimen192
\FrameSep=\dimen193
) ("C:\Program Files\MiKTeX 2.9\tex\latex\base\alltt.sty"
Package: alltt 1997/06/16 v2.0g defines alltt environment
)
(C:\Users\Marcus.SCCWRP2K\AppData\Roaming\MiKTeX\2.9\tex\latex\beamer\themes\th
eme\beamerthemeBoadilla.sty
(C:\Users\Marcus.SCCWRP2K\AppData\Roaming\MiKTeX\2.9\tex\latex\beamer\themes\co
lor\beamercolorthemerose.sty)
(C:\Users\Marcus.SCCWRP2K\AppData\Roaming\MiKTeX\2.9\tex\latex\beamer\themes\in
ner\beamerinnerthemerounded.sty)
(C:\Users\Marcus.SCCWRP2K\AppData\Roaming\MiKTeX\2.9\tex\latex\beamer\themes\co
lor\beamercolorthemedolphin.sty)
(C:\Users\Marcus.SCCWRP2K\AppData\Roaming\MiKTeX\2.9\tex\latex\beamer\themes\ou
ter\beamerouterthemeinfolines.sty))
(C:\Users\Marcus.SCCWRP2K\AppData\Roaming\MiKTeX\2.9\tex\latex\animate\animate.
sty
Package: animate 2017/09/22 PDF animations from files and inline graphics
 ("C:\Program Files\MiKTeX 2.9\tex\latex\xkeyval\xkeyval.sty"
Package: xkeyval 2014/12/03 v2.7a package option processing (HA)

("C:\Program Files\MiKTeX 2.9\tex\generic\xkeyval\xkeyval.tex"
("C:\Program Files\MiKTeX 2.9\tex\generic\xkeyval\xkvutils.tex"
\XKV@toks=\toks43
\XKV@tempa@toks=\toks44
)
\XKV@depth=\count154
File: xkeyval.tex 2014/12/03 v2.7a key=value parser (HA)
))
("C:\Program Files\MiKTeX 2.9\tex\latex\base\ifthen.sty"
Package: ifthen 2014/09/29 v1.1c Standard LaTeX ifthen package (DPC)
)
("C:\Program Files\MiKTeX 2.9\tex\latex\oberdiek\ifdraft.sty"
Package: ifdraft 2016/05/16 v1.4 Detect class options draft and final (HO)
)
("C:\Program Files\MiKTeX 2.9\tex\latex\tools\calc.sty"
Package: calc 2014/10/28 v4.3 Infix arithmetic (KKT,FJ)
\calc@Acount=\count155
\calc@Bcount=\count156
\calc@Adimen=\dimen194
\calc@Bdimen=\dimen195
\calc@Askip=\skip58
\calc@Bskip=\skip59
LaTeX Info: Redefining \setlength on input line 80.
LaTeX Info: Redefining \addtolength on input line 81.
\calc@Ccount=\count157
\calc@Cskip=\skip60
)
(C:\Users\Marcus.SCCWRP2K\AppData\Roaming\MiKTeX\2.9\tex\latex\media9\pdfbase.s
ty
(C:\Users\Marcus.SCCWRP2K\AppData\Roaming\MiKTeX\2.9\tex\latex\l3kernel\expl3.s
ty
Package: expl3 2017/09/18 L3 programming layer (loader) 

(C:\Users\Marcus.SCCWRP2K\AppData\Roaming\MiKTeX\2.9\tex\latex\l3kernel\expl3-c
ode.tex
Package: expl3 2017/09/18 L3 programming layer (code)
\c_max_int=\count158
\l_tmpa_int=\count159
\l_tmpb_int=\count160
\g_tmpa_int=\count161
\g_tmpb_int=\count162
\g__intarray_font_int=\count163
\g__prg_map_int=\count164
\c_log_iow=\count165
\l_iow_line_count_int=\count166
\l__iow_line_target_int=\count167
\l__iow_one_indent_int=\count168
\l__iow_indent_int=\count169
\c_zero_dim=\dimen196
\c_max_dim=\dimen197
\l_tmpa_dim=\dimen198
\l_tmpb_dim=\dimen199
\g_tmpa_dim=\dimen256
\g_tmpb_dim=\dimen257
\c_zero_skip=\skip61
\c_max_skip=\skip62
\l_tmpa_skip=\skip63
\l_tmpb_skip=\skip64
\g_tmpa_skip=\skip65
\g_tmpb_skip=\skip66
\c_zero_muskip=\muskip12
\c_max_muskip=\muskip13
\l_tmpa_muskip=\muskip14
\l_tmpb_muskip=\muskip15
\g_tmpa_muskip=\muskip16
\g_tmpb_muskip=\muskip17
\l_keys_choice_int=\count170
\c__fp_leading_shift_int=\count171
\c__fp_middle_shift_int=\count172
\c__fp_trailing_shift_int=\count173
\c__fp_big_leading_shift_int=\count174
\c__fp_big_middle_shift_int=\count175
\c__fp_big_trailing_shift_int=\count176
\c__fp_Bigg_leading_shift_int=\count177
\c__fp_Bigg_middle_shift_int=\count178
\c__fp_Bigg_trailing_shift_int=\count179
\c__fp_rand_size_int=\count180
\c__fp_rand_four_int=\count181
\c__fp_rand_eight_int=\count182
\l__sort_length_int=\count183
\l__sort_min_int=\count184
\l__sort_top_int=\count185
\l__sort_max_int=\count186
\l__sort_true_max_int=\count187
\l__sort_block_int=\count188
\l__sort_begin_int=\count189
\l__sort_end_int=\count190
\l__sort_A_int=\count191
\l__sort_B_int=\count192
\l__sort_C_int=\count193
\l__tl_build_start_index_int=\count194
\l__tl_build_index_int=\count195
\l__tl_analysis_normal_int=\count196
\l__tl_analysis_index_int=\count197
\l__tl_analysis_nesting_int=\count198
\l__tl_analysis_type_int=\count199
\l__regex_internal_a_int=\count266
\l__regex_internal_b_int=\count267
\l__regex_internal_c_int=\count268
\l__regex_balance_int=\count269
\l__regex_group_level_int=\count270
\l__regex_mode_int=\count271
\c__regex_cs_in_class_mode_int=\count272
\c__regex_cs_mode_int=\count273
\l__regex_catcodes_int=\count274
\l__regex_default_catcodes_int=\count275
\c__regex_catcode_D_int=\count276
\c__regex_catcode_S_int=\count277
\c__regex_catcode_L_int=\count278
\c__regex_catcode_O_int=\count279
\c__regex_catcode_A_int=\count280
\c__regex_all_catcodes_int=\count281
\l__regex_show_lines_int=\count282
\l__regex_min_state_int=\count283
\l__regex_max_state_int=\count284
\l__regex_left_state_int=\count285
\l__regex_right_state_int=\count286
\l__regex_capturing_group_int=\count287
\l__regex_min_pos_int=\count288
\l__regex_max_pos_int=\count289
\l__regex_curr_pos_int=\count290
\l__regex_start_pos_int=\count291
\l__regex_success_pos_int=\count292
\l__regex_curr_char_int=\count293
\l__regex_curr_catcode_int=\count294
\l__regex_last_char_int=\count295
\l__regex_case_changed_char_int=\count296
\l__regex_curr_state_int=\count297
\l__regex_step_int=\count298
\l__regex_min_active_int=\count299
\l__regex_max_active_int=\count300
\l__regex_replacement_csnames_int=\count301
\l__regex_match_count_int=\count302
\l__regex_min_submatch_int=\count303
\l__regex_submatch_int=\count304
\l__regex_zeroth_submatch_int=\count305
\g__debug_trace_regex_int=\count306
\c_empty_box=\box53
\l_tmpa_box=\box54
\l_tmpb_box=\box55
\g_tmpa_box=\box56
\g_tmpb_box=\box57
\l__box_top_dim=\dimen258
\l__box_bottom_dim=\dimen259
\l__box_left_dim=\dimen260
\l__box_right_dim=\dimen261
\l__box_top_new_dim=\dimen262
\l__box_bottom_new_dim=\dimen263
\l__box_left_new_dim=\dimen264
\l__box_right_new_dim=\dimen265
\l__box_internal_box=\box58
\l__coffin_internal_box=\box59
\l__coffin_internal_dim=\dimen266
\l__coffin_offset_x_dim=\dimen267
\l__coffin_offset_y_dim=\dimen268
\l__coffin_x_dim=\dimen269
\l__coffin_y_dim=\dimen270
\l__coffin_x_prime_dim=\dimen271
\l__coffin_y_prime_dim=\dimen272
\c_empty_coffin=\box60
\l__coffin_aligned_coffin=\box61
\l__coffin_aligned_internal_coffin=\box62
\l_tmpa_coffin=\box63
\l_tmpb_coffin=\box64
\l__coffin_display_coffin=\box65
\l__coffin_display_coord_coffin=\box66
\l__coffin_display_pole_coffin=\box67
\l__coffin_display_offset_dim=\dimen273
\l__coffin_display_x_dim=\dimen274
\l__coffin_display_y_dim=\dimen275
\l__coffin_bounding_shift_dim=\dimen276
\l__coffin_left_corner_dim=\dimen277
\l__coffin_right_corner_dim=\dimen278
\l__coffin_bottom_corner_dim=\dimen279
\l__coffin_top_corner_dim=\dimen280
\l__coffin_scaled_total_height_dim=\dimen281
\l__coffin_scaled_width_dim=\dimen282
)
(C:\Users\Marcus.SCCWRP2K\AppData\Roaming\MiKTeX\2.9\tex\latex\l3kernel\l3pdfmo
de.def
File: l3pdfmode.def 2017/03/18 v L3 Experimental driver: PDF mode
\l__driver_color_stack_int=\count307
\l__driver_tmp_box=\box68
))
(C:\Users\Marcus.SCCWRP2K\AppData\Roaming\MiKTeX\2.9\tex\latex\l3packages\l3key
s2e\l3keys2e.sty
Package: l3keys2e 2017/09/18 LaTeX2e option processing using LaTeX3 keys
)
Package: pdfbase 2017/08/25 v0.17 driver independent access to low-level PDF fe
atures
\g_pbs_page_int=\count308
\g_pbs_oc_int=\count309
)
(C:\Users\Marcus.SCCWRP2K\AppData\Roaming\MiKTeX\2.9\tex\latex\ocgx2\ocgbase.st
y
Package: ocgbase 2017/09/14 v0.11 support package for ocgx2.sty
\g_ocgbase_nd_int=\count310
)
\@anim@box=\box69
\@anim@measbox=\box70
\@anim@tmpdima=\dimen283
\@anim@tmpdimb=\dimen284
\@anim@num=\count311
\@anim@curframe=\count312
\@anim@curframe@zb=\count313
\@anim@resizeflags=\count314
\@anim@skipfram=\count315
\@anim@mulframecnt=\count316
\@anim@@tmlnfile=\read2
\@anim@tmpcnt=\count317
\c@@anim@ltxcnt=\count318
\@anim@curlayer=\count319
\@anim@lineno=\count320
\@anim@curfield=\count321
\@anim@@resizeflags=\count322
)
(C:\Users\Marcus.SCCWRP2K\AppData\Roaming\MiKTeX\2.9\tex\latex\breqn\breqn.sty
Package: breqn 2017/01/27 v0.98e Breaking equations

(C:\Users\Marcus.SCCWRP2K\AppData\Roaming\MiKTeX\2.9\tex\latex\breqn\flexisym.s
ty
Package: flexisym 2017/01/27 v0.98e Make math characters macros
LaTeX Info: Redefining \textprime on input line 300.
LaTeX Info: Redefining \not on input line 358.

(C:\Users\Marcus.SCCWRP2K\AppData\Roaming\MiKTeX\2.9\tex\latex\breqn\cmbase.sym
File: cmbase.sym 2007/12/19 v0.92
LaTeX Info: Redefining \hbar on input line 325.
LaTeX Info: Redefining \surd on input line 327.
LaTeX Info: Redefining \angle on input line 335.
LaTeX Info: Redefining \neq on input line 336.
LaTeX Info: Redefining \mapsto on input line 337.
LaTeX Info: Redefining \cong on input line 338.
LaTeX Info: Redefining \notin on input line 341.
LaTeX Info: Redefining \rightleftharpoons on input line 342.
LaTeX Info: Redefining \doteq on input line 343.
LaTeX Info: Redefining \hookrightarrow on input line 344.
LaTeX Info: Redefining \hookleftarrow on input line 345.
LaTeX Info: Redefining \bowtie on input line 346.
LaTeX Info: Redefining \models on input line 347.
LaTeX Info: Redefining \Longrightarrow on input line 348.
LaTeX Info: Redefining \longrightarrow on input line 349.
LaTeX Info: Redefining \Longleftarrow on input line 350.
LaTeX Info: Redefining \longleftarrow on input line 351.
LaTeX Info: Redefining \longmapsto on input line 352.
LaTeX Info: Redefining \longleftrightarrow on input line 353.
LaTeX Info: Redefining \Longleftrightarrow on input line 354.
LaTeX Info: Redefining \cdots on input line 358.
LaTeX Info: Redefining \vdots on input line 361.
LaTeX Info: Redefining \ddots on input line 366.
)
(C:\Users\Marcus.SCCWRP2K\AppData\Roaming\MiKTeX\2.9\tex\latex\breqn\mathstyle.
sty
Package: mathstyle 2017/01/27 0.98e Tracking mathstyle implicitly
LaTeX Info: Redefining \displaystyle on input line 93.
LaTeX Info: Redefining \textstyle on input line 95.
LaTeX Info: Redefining \scriptstyle on input line 97.
LaTeX Info: Redefining \scriptscriptstyle on input line 99.
LaTeX Info: Redefining \genfrac on input line 145.
))
\inf@bad=\count323
\maxint=\count324
\listwidth=\dimen285
\eqnumsep=\dimen286
\eqmargin=\dimen287
\eqlinespacing=\skip67
\eqlineskip=\skip68
\eqlineskiplimit=\dimen288
\eqbinoffset=\muskip18
\eqdelimoffset=\muskip19
\eqindentstep=\dimen289
\eqstyle=\toks45
\eqbreakdepth=\count325
\eqinterlinepenalty=\count326
\intereqpenalty=\count327
\intereqskip=\skip69
\prerelpenalty=\count328
\prebinoppenalty=\count329
\Dmedmuskip=\muskip20
\Dthickmuskip=\muskip21
\eqleftskip=\skip70
\eqrightskip=\skip71
\eq@vspan=\skip72
\eq@binoffset=\muskip22
\EQ@box=\box71
\EQ@copy=\box72
\EQ@numbox=\box73
\eq@wdNum=\dimen290
\GRP@numbox=\box74
\grp@wdNum=\dimen291
\eq@lines=\count330
\eq@curline=\count331
\eq@badness=\count332
\EQ@vims=\count333
\eq@dp=\dimen292
\eq@wdL=\dimen293
\eq@wdT=\dimen294
\eq@wdMin=\dimen295
\grp@wdL=\dimen296
\grp@wdR=\dimen297
\grp@wdT=\dimen298
\eq@wdRmax=\dimen299
\eq@firstht=\dimen300
\eq@wdCond=\dimen301
\eq@indentstep=\dimen302
\eq@linewidth=\dimen303
\grp@linewidth=\dimen304
\eq@hshift=\dimen305
\eq@given@sidespace=\dimen306
\mathindent=\dimen307
\eq@final@linecount=\count334
\eq@wdR=\dimen308
\EQ@continue=\toks46
\lr@level=\count335
\GRP@queue=\toks47
\GRP@box=\box75
\GRP@wholebox=\box76
\darraycolsep=\skip73
\cur@row=\count336
\cur@col=\count337
\conditionsep=\skip74
)
(C:\Users\Marcus.SCCWRP2K\AppData\Roaming\MiKTeX\2.9\tex\latex\booktabs\booktab
s.sty
Package: booktabs 2005/04/14 v1.61803 publication quality tables
\heavyrulewidth=\dimen309
\lightrulewidth=\dimen310
\cmidrulewidth=\dimen311
\belowrulesep=\dimen312
\belowbottomsep=\dimen313
\aboverulesep=\dimen314
\abovetopsep=\dimen315
\cmidrulesep=\dimen316
\cmidrulekern=\dimen317
\defaultaddspace=\dimen318
\@cmidla=\count338
\@cmidlb=\count339
\@aboverulesep=\dimen319
\@belowrulesep=\dimen320
\@thisruleclass=\count340
\@lastruleclass=\count341
\@thisrulewidth=\dimen321
)
(C:\Users\Marcus.SCCWRP2K\AppData\Roaming\MiKTeX\2.9\tex\latex\pgf\frontendlaye
r\tikz.sty
(C:\Users\Marcus.SCCWRP2K\AppData\Roaming\MiKTeX\2.9\tex\latex\pgf\basiclayer\p
gf.sty
Package: pgf 2015/08/07 v3.0.1a (rcs-revision 1.15)

(C:\Users\Marcus.SCCWRP2K\AppData\Roaming\MiKTeX\2.9\tex\generic\pgf\modules\pg
fmoduleshapes.code.tex
File: pgfmoduleshapes.code.tex 2014/03/21  (rcs-revision 1.35)
\pgfnodeparttextbox=\box77
)
(C:\Users\Marcus.SCCWRP2K\AppData\Roaming\MiKTeX\2.9\tex\generic\pgf\modules\pg
fmoduleplot.code.tex
File: pgfmoduleplot.code.tex 2015/08/03  (rcs-revision 1.13)
)
(C:\Users\Marcus.SCCWRP2K\AppData\Roaming\MiKTeX\2.9\tex\latex\pgf\compatibilit
y\pgfcomp-version-0-65.sty
Package: pgfcomp-version-0-65 2007/07/03 v3.0.1a (rcs-revision 1.7)
\pgf@nodesepstart=\dimen322
\pgf@nodesepend=\dimen323
)
(C:\Users\Marcus.SCCWRP2K\AppData\Roaming\MiKTeX\2.9\tex\latex\pgf\compatibilit
y\pgfcomp-version-1-18.sty
Package: pgfcomp-version-1-18 2007/07/23 v3.0.1a (rcs-revision 1.1)
))
(C:\Users\Marcus.SCCWRP2K\AppData\Roaming\MiKTeX\2.9\tex\latex\pgf\utilities\pg
ffor.sty
(C:\Users\Marcus.SCCWRP2K\AppData\Roaming\MiKTeX\2.9\tex\latex\pgf\utilities\pg
fkeys.sty
(C:\Users\Marcus.SCCWRP2K\AppData\Roaming\MiKTeX\2.9\tex\generic\pgf\utilities\
pgfkeys.code.tex))
(C:\Users\Marcus.SCCWRP2K\AppData\Roaming\MiKTeX\2.9\tex\latex\pgf\math\pgfmath
.sty
(C:\Users\Marcus.SCCWRP2K\AppData\Roaming\MiKTeX\2.9\tex\generic\pgf\math\pgfma
th.code.tex))
(C:\Users\Marcus.SCCWRP2K\AppData\Roaming\MiKTeX\2.9\tex\generic\pgf\utilities\
pgffor.code.tex
Package: pgffor 2013/12/13 v3.0.1a (rcs-revision 1.25)

(C:\Users\Marcus.SCCWRP2K\AppData\Roaming\MiKTeX\2.9\tex\generic\pgf\math\pgfma
th.code.tex)
\pgffor@iter=\dimen324
\pgffor@skip=\dimen325
\pgffor@stack=\toks48
\pgffor@toks=\toks49
))
(C:\Users\Marcus.SCCWRP2K\AppData\Roaming\MiKTeX\2.9\tex\generic\pgf\frontendla
yer\tikz\tikz.code.tex
Package: tikz 2015/08/07 v3.0.1a (rcs-revision 1.151)

(C:\Users\Marcus.SCCWRP2K\AppData\Roaming\MiKTeX\2.9\tex\generic\pgf\libraries\
pgflibraryplothandlers.code.tex
File: pgflibraryplothandlers.code.tex 2013/08/31 v3.0.1a (rcs-revision 1.20)
\pgf@plot@mark@count=\count342
\pgfplotmarksize=\dimen326
)
\tikz@lastx=\dimen327
\tikz@lasty=\dimen328
\tikz@lastxsaved=\dimen329
\tikz@lastysaved=\dimen330
\tikzleveldistance=\dimen331
\tikzsiblingdistance=\dimen332
\tikz@figbox=\box78
\tikz@figbox@bg=\box79
\tikz@tempbox=\box80
\tikz@tempbox@bg=\box81
\tikztreelevel=\count343
\tikznumberofchildren=\count344
\tikznumberofcurrentchild=\count345
\tikz@fig@count=\count346

(C:\Users\Marcus.SCCWRP2K\AppData\Roaming\MiKTeX\2.9\tex\generic\pgf\modules\pg
fmodulematrix.code.tex
File: pgfmodulematrix.code.tex 2013/09/17  (rcs-revision 1.8)
\pgfmatrixcurrentrow=\count347
\pgfmatrixcurrentcolumn=\count348
\pgf@matrix@numberofcolumns=\count349
)
\tikz@expandcount=\count350

(C:\Users\Marcus.SCCWRP2K\AppData\Roaming\MiKTeX\2.9\tex\generic\pgf\frontendla
yer\tikz\libraries\tikzlibrarytopaths.code.tex
File: tikzlibrarytopaths.code.tex 2008/06/17 v3.0.1a (rcs-revision 1.2)
)))
(C:\Users\Marcus.SCCWRP2K\AppData\Roaming\MiKTeX\2.9\tex\generic\pgf\frontendla
yer\tikz\libraries\tikzlibrarydecorations.pathreplacing.code.tex
(C:\Users\Marcus.SCCWRP2K\AppData\Roaming\MiKTeX\2.9\tex\generic\pgf\frontendla
yer\tikz\libraries\tikzlibrarydecorations.code.tex
(C:\Users\Marcus.SCCWRP2K\AppData\Roaming\MiKTeX\2.9\tex\generic\pgf\modules\pg
fmoduledecorations.code.tex
\pgfdecoratedcompleteddistance=\dimen333
\pgfdecoratedremainingdistance=\dimen334
\pgfdecoratedinputsegmentcompleteddistance=\dimen335
\pgfdecoratedinputsegmentremainingdistance=\dimen336
\pgf@decorate@distancetomove=\dimen337
\pgf@decorate@repeatstate=\count351
\pgfdecorationsegmentamplitude=\dimen338
\pgfdecorationsegmentlength=\dimen339
)
\tikz@lib@dec@box=\box82
)
(C:\Users\Marcus.SCCWRP2K\AppData\Roaming\MiKTeX\2.9\tex\generic\pgf\libraries\
decorations\pgflibrarydecorations.pathreplacing.code.tex))
(C:\Users\Marcus.SCCWRP2K\AppData\Roaming\MiKTeX\2.9\tex\generic\pgf\frontendla
yer\tikz\libraries\tikzlibraryshapes.code.tex
File: tikzlibraryshapes.code.tex 2008/01/09 v3.0.1a (rcs-revision 1.1)

(C:\Users\Marcus.SCCWRP2K\AppData\Roaming\MiKTeX\2.9\tex\generic\pgf\frontendla
yer\tikz\libraries\tikzlibraryshapes.geometric.code.tex
File: tikzlibraryshapes.geometric.code.tex 2008/01/09 v3.0.1a (rcs-revision 1.1
)

(C:\Users\Marcus.SCCWRP2K\AppData\Roaming\MiKTeX\2.9\tex\generic\pgf\libraries\
shapes\pgflibraryshapes.geometric.code.tex
File: pgflibraryshapes.geometric.code.tex 2008/06/26 v3.0.1a (rcs-revision 1.1)

))
(C:\Users\Marcus.SCCWRP2K\AppData\Roaming\MiKTeX\2.9\tex\generic\pgf\frontendla
yer\tikz\libraries\tikzlibraryshapes.misc.code.tex
File: tikzlibraryshapes.misc.code.tex 2008/01/09 v3.0.1a (rcs-revision 1.1)

(C:\Users\Marcus.SCCWRP2K\AppData\Roaming\MiKTeX\2.9\tex\generic\pgf\libraries\
shapes\pgflibraryshapes.misc.code.tex
File: pgflibraryshapes.misc.code.tex 2013/07/18 v3.0.1a (rcs-revision 1.5)
))
(C:\Users\Marcus.SCCWRP2K\AppData\Roaming\MiKTeX\2.9\tex\generic\pgf\frontendla
yer\tikz\libraries\tikzlibraryshapes.symbols.code.tex
File: tikzlibraryshapes.symbols.code.tex 2008/01/09 v3.0.1a (rcs-revision 1.1)

(C:\Users\Marcus.SCCWRP2K\AppData\Roaming\MiKTeX\2.9\tex\generic\pgf\libraries\
shapes\pgflibraryshapes.symbols.code.tex
File: pgflibraryshapes.symbols.code.tex 2013/09/11 v3.0.1a (rcs-revision 1.6)
))
(C:\Users\Marcus.SCCWRP2K\AppData\Roaming\MiKTeX\2.9\tex\generic\pgf\frontendla
yer\tikz\libraries\tikzlibraryshapes.arrows.code.tex
File: tikzlibraryshapes.arrows.code.tex 2008/01/09 v3.0.1a (rcs-revision 1.1)

(C:\Users\Marcus.SCCWRP2K\AppData\Roaming\MiKTeX\2.9\tex\generic\pgf\libraries\
shapes\pgflibraryshapes.arrows.code.tex
File: pgflibraryshapes.arrows.code.tex 2008/06/26 v3.0.1a (rcs-revision 1.1)
))
(C:\Users\Marcus.SCCWRP2K\AppData\Roaming\MiKTeX\2.9\tex\generic\pgf\frontendla
yer\tikz\libraries\tikzlibraryshapes.callouts.code.tex
(C:\Users\Marcus.SCCWRP2K\AppData\Roaming\MiKTeX\2.9\tex\generic\pgf\libraries\
shapes\pgflibraryshapes.callouts.code.tex))
(C:\Users\Marcus.SCCWRP2K\AppData\Roaming\MiKTeX\2.9\tex\generic\pgf\frontendla
yer\tikz\libraries\tikzlibraryshapes.multipart.code.tex
File: tikzlibraryshapes.multipart.code.tex 2008/01/09 v3.0.1a (rcs-revision 1.1
)

(C:\Users\Marcus.SCCWRP2K\AppData\Roaming\MiKTeX\2.9\tex\generic\pgf\libraries\
shapes\pgflibraryshapes.multipart.code.tex
File: pgflibraryshapes.multipart.code.tex 2010/01/07 v3.0.1a (rcs-revision 1.2)

\pgfnodepartlowerbox=\box83
\pgfnodeparttwobox=\box84
\pgfnodepartthreebox=\box85
\pgfnodepartfourbox=\box86
\pgfnodeparttwentybox=\box87
\pgfnodepartnineteenbox=\box88
\pgfnodeparteighteenbox=\box89
\pgfnodepartseventeenbox=\box90
\pgfnodepartsixteenbox=\box91
\pgfnodepartfifteenbox=\box92
\pgfnodepartfourteenbox=\box93
\pgfnodepartthirteenbox=\box94
\pgfnodeparttwelvebox=\box95
\pgfnodepartelevenbox=\box96
\pgfnodeparttenbox=\box97
\pgfnodepartninebox=\box98
\pgfnodeparteightbox=\box99
\pgfnodepartsevenbox=\box100
\pgfnodepartsixbox=\box101
\pgfnodepartfivebox=\box102
)))
(C:\Users\Marcus.SCCWRP2K\AppData\Roaming\MiKTeX\2.9\tex\generic\pgf\frontendla
yer\tikz\libraries\tikzlibraryarrows.code.tex
File: tikzlibraryarrows.code.tex 2008/01/09 v3.0.1a (rcs-revision 1.1)

(C:\Users\Marcus.SCCWRP2K\AppData\Roaming\MiKTeX\2.9\tex\generic\pgf\libraries\
pgflibraryarrows.code.tex
File: pgflibraryarrows.code.tex 2013/09/23 v3.0.1a (rcs-revision 1.16)
\arrowsize=\dimen340
))
(C:\Users\Marcus.SCCWRP2K\AppData\Roaming\MiKTeX\2.9\tex\generic\pgf\frontendla
yer\tikz\libraries\tikzlibrarypositioning.code.tex
File: tikzlibrarypositioning.code.tex 2008/10/06 v3.0.1a (rcs-revision 1.7)
)
(C:\Users\Marcus.SCCWRP2K\AppData\Roaming\MiKTeX\2.9\tex\generic\pgf\frontendla
yer\tikz\libraries\tikzlibraryshadows.code.tex
File: tikzlibraryshadows.code.tex 2008/01/13 v3.0.1a (rcs-revision 1.3)

(C:\Users\Marcus.SCCWRP2K\AppData\Roaming\MiKTeX\2.9\tex\generic\pgf\frontendla
yer\tikz\libraries\tikzlibraryfadings.code.tex
File: tikzlibraryfadings.code.tex 2009/11/15 v3.0.1a (rcs-revision 1.2)

(C:\Users\Marcus.SCCWRP2K\AppData\Roaming\MiKTeX\2.9\tex\generic\pgf\libraries\
pgflibraryfadings.code.tex
File: pgflibraryfadings.code.tex 2008/02/07 v3.0.1a (rcs-revision 1.3)
)))
Package hyperref Info: Option `colorlinks' set `true' on input line 63.

(C:\Users\Marcus.SCCWRP2K\AppData\Roaming\MiKTeX\2.9\tex\latex\subfig\subfig.st
y
Package: subfig 2005/06/28 ver: 1.3 subfig package

(C:\Users\Marcus.SCCWRP2K\AppData\Roaming\MiKTeX\2.9\tex\latex\caption\caption.
sty
Package: caption 2016/02/21 v3.3-144 Customizing captions (AR)

(C:\Users\Marcus.SCCWRP2K\AppData\Roaming\MiKTeX\2.9\tex\latex\caption\caption3
.sty
Package: caption3 2016/05/22 v1.7-166 caption3 kernel (AR)
Package caption3 Info: TeX engine: e-TeX on input line 67.
\captionmargin=\dimen341
\captionmargin@=\dimen342
\captionwidth=\dimen343
\caption@tempdima=\dimen344
\caption@indent=\dimen345
\caption@parindent=\dimen346
\caption@hangindent=\dimen347
)
\c@ContinuedFloat=\count352
Package caption Info: beamer document class.
Package caption Info: hyperref package is loaded.
Package caption Info: Hyperref support is turned off
(caption)             because hyperref has stopped early.
)
\c@KVtest=\count353
\sf@farskip=\skip75
\sf@captopadj=\dimen348
\sf@capskip=\skip76
\sf@nearskip=\skip77
\c@subfigure=\count354
\c@subfigure@save=\count355
\c@depth=\count356
\c@subtable=\count357
\c@subtable@save=\count358
\sf@top=\skip78
\sf@bottom=\skip79
)
(C:\Users\Marcus.SCCWRP2K\AppData\Roaming\MiKTeX\2.9\tex\latex\upquote\upquote.
sty
Package: upquote 2012/04/19 v1.3 upright-quote and grave-accent glyphs in verba
tim
) (ORD_pres.aux)
\openout1 = `ORD_pres.aux'.

LaTeX Font Info:    Checking defaults for OML/cmm/m/it on input line 94.
LaTeX Font Info:    ... okay on input line 94.
LaTeX Font Info:    Checking defaults for T1/cmr/m/n on input line 94.
LaTeX Font Info:    ... okay on input line 94.
LaTeX Font Info:    Checking defaults for OT1/cmr/m/n on input line 94.
LaTeX Font Info:    ... okay on input line 94.
LaTeX Font Info:    Checking defaults for OMS/cmsy/m/n on input line 94.
LaTeX Font Info:    ... okay on input line 94.
LaTeX Font Info:    Checking defaults for OMX/cmex/m/n on input line 94.
LaTeX Font Info:    ... okay on input line 94.
LaTeX Font Info:    Checking defaults for U/cmr/m/n on input line 94.
LaTeX Font Info:    ... okay on input line 94.
LaTeX Font Info:    Checking defaults for PD1/pdf/m/n on input line 94.
LaTeX Font Info:    ... okay on input line 94.

*geometry* driver: auto-detecting
*geometry* detected driver: pdftex
*geometry* verbose mode - [ preamble ] result:
* driver: pdftex
* paper: custom
* layout: <same size as paper>
* layoutoffset:(h,v)=(0.0pt,0.0pt)
* modes: includehead includefoot 
* h-part:(L,W,R)=(10.95003pt, 342.2953pt, 10.95003pt)
* v-part:(T,H,B)=(0.0pt, 273.14662pt, 0.0pt)
* \paperwidth=364.19536pt
* \paperheight=273.14662pt
* \textwidth=342.2953pt
* \textheight=244.6939pt
* \oddsidemargin=-61.31996pt
* \evensidemargin=-61.31996pt
* \topmargin=-72.26999pt
* \headheight=14.22636pt
* \headsep=0.0pt
* \topskip=11.0pt
* \footskip=14.22636pt
* \marginparwidth=4.0pt
* \marginparsep=10.0pt
* \columnsep=10.0pt
* \skip\footins=10.0pt plus 4.0pt minus 2.0pt
* \hoffset=0.0pt
* \voffset=0.0pt
* \mag=1000
* \@twocolumnfalse
* \@twosidefalse
* \@mparswitchfalse
* \@reversemarginfalse
* (1in=72.27pt=25.4mm, 1cm=28.453pt)


(C:\Users\Marcus.SCCWRP2K\AppData\Roaming\MiKTeX\2.9\tex\context\base\supp-pdf.
mkii
[Loading MPS to PDF converter (version 2006.09.02).]
\scratchcounter=\count359
\scratchdimen=\dimen349
\scratchbox=\box103
\nofMPsegments=\count360
\nofMParguments=\count361
\everyMPshowfont=\toks50
\MPscratchCnt=\count362
\MPscratchDim=\dimen350
\MPnumerator=\count363
\makeMPintoPDFobject=\count364
\everyMPtoPDFconversion=\toks51
) ("C:\Program Files\MiKTeX 2.9\tex\latex\oberdiek\epstopdf-base.sty"
Package: epstopdf-base 2016/05/15 v2.6 Base part for package epstopdf

("C:\Program Files\MiKTeX 2.9\tex\latex\oberdiek\grfext.sty"
Package: grfext 2016/05/16 v1.2 Manage graphics extensions (HO)
)
Package epstopdf-base Info: Redefining graphics rule for `.eps' on input line 4
38.
Package grfext Info: Graphics extension search list:
(grfext)             [.png,.pdf,.jpg,.mps,.jpeg,.jbig2,.jb2,.PNG,.PDF,.JPG,.JPE
G,.JBIG2,.JB2,.eps]
(grfext)             \AppendGraphicsExtensions on input line 456.
)
ABD: EveryShipout initializing macros
\AtBeginShipoutBox=\box104
Package hyperref Info: Link coloring ON on input line 94.

("C:\Program Files\MiKTeX 2.9\tex\latex\hyperref\nameref.sty"
Package: nameref 2016/05/21 v2.44 Cross-referencing by name of section

("C:\Program Files\MiKTeX 2.9\tex\generic\oberdiek\gettitlestring.sty"
Package: gettitlestring 2016/05/16 v1.5 Cleanup title references (HO)
)
\c@section@level=\count365
)
LaTeX Info: Redefining \ref on input line 94.
LaTeX Info: Redefining \pageref on input line 94.
LaTeX Info: Redefining \nameref on input line 94.

(ORD_pres.out) (ORD_pres.out)
\@outlinefile=\write5
\openout5 = `ORD_pres.out'.


(C:\Users\Marcus.SCCWRP2K\AppData\Roaming\MiKTeX\2.9\tex\latex\beamer\translato
r\dicts\translator-basic-dictionary\translator-basic-dictionary-English.dict
Dictionary: translator-basic-dictionary, Language: English 
)
(C:\Users\Marcus.SCCWRP2K\AppData\Roaming\MiKTeX\2.9\tex\latex\beamer\translato
r\dicts\translator-bibliography-dictionary\translator-bibliography-dictionary-E
nglish.dict
Dictionary: translator-bibliography-dictionary, Language: English 
)
(C:\Users\Marcus.SCCWRP2K\AppData\Roaming\MiKTeX\2.9\tex\latex\beamer\translato
r\dicts\translator-environment-dictionary\translator-environment-dictionary-Eng
lish.dict
Dictionary: translator-environment-dictionary, Language: English 
)
(C:\Users\Marcus.SCCWRP2K\AppData\Roaming\MiKTeX\2.9\tex\latex\beamer\translato
r\dicts\translator-months-dictionary\translator-months-dictionary-English.dict
Dictionary: translator-months-dictionary, Language: English 
)
(C:\Users\Marcus.SCCWRP2K\AppData\Roaming\MiKTeX\2.9\tex\latex\beamer\translato
r\dicts\translator-numbers-dictionary\translator-numbers-dictionary-English.dic
t
Dictionary: translator-numbers-dictionary, Language: English 
)
(C:\Users\Marcus.SCCWRP2K\AppData\Roaming\MiKTeX\2.9\tex\latex\beamer\translato
r\dicts\translator-theorem-dictionary\translator-theorem-dictionary-English.dic
t
Dictionary: translator-theorem-dictionary, Language: English 
)
Package caption Info: Begin \AtBeginDocument code.
Package caption Info: subfig package v1.3 is loaded.
Package caption Info: End \AtBeginDocument code.
 (ORD_pres.nav)

Package hyperref Warning: Option `pdfauthor' has already been used,
(hyperref)                setting the option has no effect on input line 98.

<fig/swmpr_logo.png, id=49, 660.066pt x 209.583pt>
File: fig/swmpr_logo.png Graphic file (type png)
 <use fig/swmpr_logo.png>
Package pdftex.def Info: fig/swmpr_logo.png used on input line 107.
(pdftex.def)             Requested size: 308.06367pt x 97.81325pt.

<fig/back_tmp.pdf, id=52, 505.89pt x 505.89pt>
File: fig/back_tmp.pdf Graphic file (type pdf)
 <use fig/back_tmp.pdf>
Package pdftex.def Info: fig/back_tmp.pdf used on input line 107.
(pdftex.def)             Requested size: 364.20192pt x 273.15337pt.
 [1

{C:/Users/Marcus.SCCWRP2K/AppData/Local/MiKTeX/2.9/pdftex/config/pdftex.map} <.
/fig/back_tmp.pdf> <./fig/swmpr_logo.png>]
File: fig/back_tmp.pdf Graphic file (type pdf)
 <use fig/back_tmp.pdf>
Package pdftex.def Info: fig/back_tmp.pdf used on input line 117.
(pdftex.def)             Requested size: 364.20192pt x 273.15337pt.
 [2

]
<fig/NERRS_locations.png, id=120, 725.71124pt x 446.41782pt>
File: fig/NERRS_locations.png Graphic file (type png)

<use fig/NERRS_locations.png>
Package pdftex.def Info: fig/NERRS_locations.png used on input line 125.
(pdftex.def)             Requested size: 308.06367pt x 189.50368pt.
File: fig/back_tmp.pdf Graphic file (type pdf)
 <use fig/back_tmp.pdf>
Package pdftex.def Info: fig/back_tmp.pdf used on input line 125.
(pdftex.def)             Requested size: 364.20192pt x 273.15337pt.
 [3

 <./fig/NERRS_locations.png>] <fig/cdmo_front.png, id=149, 730.22812pt x 406.51
875pt>
File: fig/cdmo_front.png Graphic file (type png)

<use fig/cdmo_front.png>
Package pdftex.def Info: fig/cdmo_front.png used on input line 131.
(pdftex.def)             Requested size: 342.2953pt x 190.55519pt.
File: fig/back_tmp.pdf Graphic file (type pdf)
 <use fig/back_tmp.pdf>
Package pdftex.def Info: fig/back_tmp.pdf used on input line 131.
(pdftex.def)             Requested size: 364.20192pt x 273.15337pt.
 [4

 <./fig/cdmo_front.png>]
File: fig/back_tmp.pdf Graphic file (type pdf)

<use fig/back_tmp.pdf>
Package pdftex.def Info: fig/back_tmp.pdf used on input line 143.
(pdftex.def)             Requested size: 364.20192pt x 273.15337pt.
 [5

]
LaTeX Font Info:    Try loading font information for U+msa on input line 150.

("C:\Program Files\MiKTeX 2.9\tex\latex\amsfonts\umsa.fd"
File: umsa.fd 2013/01/14 v3.01 AMS symbols A
)
LaTeX Font Info:    Try loading font information for U+msb on input line 150.

("C:\Program Files\MiKTeX 2.9\tex\latex\amsfonts\umsb.fd"
File: umsb.fd 2013/01/14 v3.01 AMS symbols B
)
<fig/qaqc_ex.png, id=204, 630.10406pt x 304.13625pt>
File: fig/qaqc_ex.png Graphic file (type png)
 <use fig/qaqc_ex.png>
Package pdftex.def Info: fig/qaqc_ex.png used on input line 150.
(pdftex.def)             Requested size: 308.06367pt x 148.69392pt.
File: fig/back_tmp.pdf Graphic file (type pdf)

<use fig/back_tmp.pdf>
Package pdftex.def Info: fig/back_tmp.pdf used on input line 150.
(pdftex.def)             Requested size: 364.20192pt x 273.15337pt.
 [6

 <./fig/qaqc_ex.png>]
File: fig/back_tmp.pdf Graphic file (type pdf)
 <use fig/back_tmp.pdf>
Package pdftex.def Info: fig/back_tmp.pdf used on input line 163.
(pdftex.def)             Requested size: 364.20192pt x 273.15337pt.
 [7

]
\openout4 = `ORD_pres.vrb'.


(ORD_pres.vrb
File: fig/swmpr_logo.png Graphic file (type png)
 <use fig/swmpr_logo.png>
Package pdftex.def Info: fig/swmpr_logo.png used on input line 2.
(pdftex.def)             Requested size: 273.83728pt x 86.94653pt.
LaTeX Font Info:    Font shape `OT1/cmtt/bx/n' in size <10.95> not available
(Font)              Font shape `OT1/cmtt/m/n' tried instead on input line 8.
)
File: fig/back_tmp.pdf Graphic file (type pdf)
 <use fig/back_tmp.pdf>
Package pdftex.def Info: fig/back_tmp.pdf used on input line 181.
(pdftex.def)             Requested size: 364.20192pt x 273.15337pt.
 [8

]
\openout4 = `ORD_pres.vrb'.


(ORD_pres.vrb <fig/swmpr_manual.png, id=286, 596.2275pt x 532.23843pt>
File: fig/swmpr_manual.png Graphic file (type png)

<use fig/swmpr_manual.png>
Package pdftex.def Info: fig/swmpr_manual.png used on input line 2.
(pdftex.def)             Requested size: 256.72147pt x 229.16667pt.
)
Overfull \vbox (0.22519pt too high) detected at line 186
 []

File: fig/back_tmp.pdf Graphic file (type pdf)
<use fig/back_tmp.pdf>
Package pdftex.def Info: fig/back_tmp.pdf used on input line 186.
(pdftex.def)             Requested size: 364.20192pt x 273.15337pt.
 [9

 <./fig/swmpr_manual.png>]
\openout4 = `ORD_pres.vrb'.

 (ORD_pres.vrb
<fig/help_ex.png, id=313, 599.99156pt x 492.33937pt>
File: fig/help_ex.png Graphic file (type png)
 <use fig/help_ex.png>
Package pdftex.def Info: fig/help_ex.png used on input line 2.
(pdftex.def)             Requested size: 256.72147pt x 210.66507pt.
)
File: fig/back_tmp.pdf Graphic file (type pdf)

<use fig/back_tmp.pdf>
Package pdftex.def Info: fig/back_tmp.pdf used on input line 191.
(pdftex.def)             Requested size: 364.20192pt x 273.15337pt.
 [10

 <./fig/help_ex.png>]
Overfull \hbox (2.9571pt too wide) in paragraph at lines 231--231
 [] 
 []

File: fig/back_tmp.pdf Graphic file (type pdf)
<use fig/back_tmp.pdf>
Package pdftex.def Info: fig/back_tmp.pdf used on input line 231.
(pdftex.def)             Requested size: 364.20192pt x 273.15337pt.
 [11

]
\openout4 = `ORD_pres.vrb'.

 (ORD_pres.vrb
<fig/searches.png, id=368, 419.31656pt x 308.65312pt>
File: fig/searches.png Graphic file (type png)
 <use fig/searches.png>
Package pdftex.def Info: fig/searches.png used on input line 10.
(pdftex.def)             Requested size: 205.37926pt x 151.17542pt.
)
File: fig/back_tmp.pdf Graphic file (type pdf)

<use fig/back_tmp.pdf>
Package pdftex.def Info: fig/back_tmp.pdf used on input line 244.
(pdftex.def)             Requested size: 364.20192pt x 273.15337pt.
 [12

 <./fig/searches.png>]
File: fig/back_tmp.pdf Graphic file (type pdf)
 <use fig/back_tmp.pdf>
Package pdftex.def Info: fig/back_tmp.pdf used on input line 256.
(pdftex.def)             Requested size: 364.20192pt x 273.15337pt.

[13

]
\openout4 = `ORD_pres.vrb'.

 (ORD_pres.vrb
LaTeX Font Info:    Font shape `OT1/cmtt/bx/n' in size <10> not available
(Font)              Font shape `OT1/cmtt/m/n' tried instead on input line 6.
)

Class beamer Warning: Frame text is shrunk by a factor of 7.71637 percent inste
ad of 0 percent on input line 289.

File: fig/back_tmp.pdf Graphic file (type pdf)
<use fig/back_tmp.pdf>
Package pdftex.def Info: fig/back_tmp.pdf used on input line 289.
(pdftex.def)             Requested size: 364.20192pt x 273.15337pt.
 [14

]
\openout4 = `ORD_pres.vrb'.

 (ORD_pres.vrb)
File: fig/back_tmp.pdf Graphic file (type pdf)
 <use fig/back_tmp.pdf>
Package pdftex.def Info: fig/back_tmp.pdf used on input line 311.
(pdftex.def)             Requested size: 364.20192pt x 273.15337pt.
 [15

]
\openout4 = `ORD_pres.vrb'.


(ORD_pres.vrb <fig/qaqc_flags.png, id=477, 488.57532pt x 147.55125pt>
File: fig/qaqc_flags.png Graphic file (type png)

<use fig/qaqc_flags.png>
Package pdftex.def Info: fig/qaqc_flags.png used on input line 8.
(pdftex.def)             Requested size: 273.83728pt x 82.70016pt.
)
File: fig/back_tmp.pdf Graphic file (type pdf)
 <use fig/back_tmp.pdf>
Package pdftex.def Info: fig/back_tmp.pdf used on input line 322.
(pdftex.def)             Requested size: 364.20192pt x 273.15337pt.
 [16

 <./fig/qaqc_flags.png>]
File: fig/back_tmp.pdf Graphic file (type pdf)

<use fig/back_tmp.pdf>
Package pdftex.def Info: fig/back_tmp.pdf used on input line 349.
(pdftex.def)             Requested size: 364.20192pt x 273.15337pt.
 [17

] <fig/qaqc_ex1-1.pdf, id=530, 578.16pt x 180.675pt>
File: fig/qaqc_ex1-1.pdf Graphic file (type pdf)

<use fig/qaqc_ex1-1.pdf>
Package pdftex.def Info: fig/qaqc_ex1-1.pdf used on input line 357.
(pdftex.def)             Requested size: 308.06367pt x 96.27007pt.
 <fig/qaqc_ex2-1.pdf, id=531, 578.16pt x 180.675pt>
File: fig/qaqc_ex2-1.pdf Graphic file (type pdf)

<use fig/qaqc_ex2-1.pdf>
Package pdftex.def Info: fig/qaqc_ex2-1.pdf used on input line 368.
(pdftex.def)             Requested size: 308.06367pt x 96.27007pt.
File: fig/back_tmp.pdf Graphic file (type pdf)
 <use fig/back_tmp.pdf>
Package pdftex.def Info: fig/back_tmp.pdf used on input line 375.
(pdftex.def)             Requested size: 364.20192pt x 273.15337pt.
 [18

 <./fig/qaqc_ex1-1.pdf> <./fig/qaqc_ex2-1.pdf>]
\openout4 = `ORD_pres.vrb'.

 (ORD_pres.vrb)
File: fig/back_tmp.pdf Graphic file (type pdf)
 <use fig/back_tmp.pdf>
Package pdftex.def Info: fig/back_tmp.pdf used on input line 394.
(pdftex.def)             Requested size: 364.20192pt x 273.15337pt.
 [19

]
\openout4 = `ORD_pres.vrb'.

 (ORD_pres.vrb)
File: fig/back_tmp.pdf Graphic file (type pdf)

<use fig/back_tmp.pdf>
Package pdftex.def Info: fig/back_tmp.pdf used on input line 423.
(pdftex.def)             Requested size: 364.20192pt x 273.15337pt.
 [20

]
\openout4 = `ORD_pres.vrb'.

 (ORD_pres.vrb)
File: fig/back_tmp.pdf Graphic file (type pdf)
 <use fig/back_tmp.pdf>
Package pdftex.def Info: fig/back_tmp.pdf used on input line 449.
(pdftex.def)             Requested size: 364.20192pt x 273.15337pt.
 [21

]
File: fig/back_tmp.pdf Graphic file (type pdf)

<use fig/back_tmp.pdf>
Package pdftex.def Info: fig/back_tmp.pdf used on input line 477.
(pdftex.def)             Requested size: 364.20192pt x 273.15337pt.
 [22

]
\openout4 = `ORD_pres.vrb'.

 (ORD_pres.vrb
<fig//filled-1.pdf, id=674, 578.16pt x 144.54pt>
File: fig//filled-1.pdf Graphic file (type pdf)
 <use fig//filled-1.pdf>
Package pdftex.def Info: fig//filled-1.pdf used on input line 6.
(pdftex.def)             Requested size: 290.9531pt x 72.73737pt.

<fig//smooth-1.pdf, id=675, 578.16pt x 144.54pt>
File: fig//smooth-1.pdf Graphic file (type pdf)
 <use fig//smooth-1.pdf>
Package pdftex.def Info: fig//smooth-1.pdf used on input line 17.
(pdftex.def)             Requested size: 290.9531pt x 72.73737pt.
)
File: fig/back_tmp.pdf Graphic file (type pdf)

<use fig/back_tmp.pdf>
Package pdftex.def Info: fig/back_tmp.pdf used on input line 503.
(pdftex.def)             Requested size: 364.20192pt x 273.15337pt.
 [23

 <./fig//filled-1.pdf> <./fig//smooth-1.pdf>]
\openout4 = `ORD_pres.vrb'.


(ORD_pres.vrb <fig/decomp_dep-1.pdf, id=712, 578.16pt x 361.35pt>
File: fig/decomp_dep-1.pdf Graphic file (type pdf)

<use fig/decomp_dep-1.pdf>
Package pdftex.def Info: fig/decomp_dep-1.pdf used on input line 6.
(pdftex.def)             Requested size: 290.9531pt x 181.84348pt.
)
File: fig/back_tmp.pdf Graphic file (type pdf)
 <use fig/back_tmp.pdf>
Package pdftex.def Info: fig/back_tmp.pdf used on input line 518.
(pdftex.def)             Requested size: 364.20192pt x 273.15337pt.
 [24

 <./fig/decomp_dep-1.pdf>]
\openout4 = `ORD_pres.vrb'.

 (ORD_pres.vrb <fig//ecometab1-1.pdf, id=746, 578.16pt x 180.675pt>
File: fig//ecometab1-1.pdf Graphic file (type pdf)

<use fig//ecometab1-1.pdf>
Package pdftex.def Info: fig//ecometab1-1.pdf used on input line 7.
(pdftex.def)             Requested size: 325.17949pt x 101.6184pt.

<fig//ecometab2-1.pdf, id=747, 578.16pt x 180.675pt>
File: fig//ecometab2-1.pdf Graphic file (type pdf)

<use fig//ecometab2-1.pdf>
Package pdftex.def Info: fig//ecometab2-1.pdf used on input line 17.
(pdftex.def)             Requested size: 325.17949pt x 101.6184pt.
)
File: fig/back_tmp.pdf Graphic file (type pdf)
 <use fig/back_tmp.pdf>
Package pdftex.def Info: fig/back_tmp.pdf used on input line 544.
(pdftex.def)             Requested size: 364.20192pt x 273.15337pt.
 [25

 <./fig//ecometab1-1.pdf> <./fig//ecometab2-1.pdf>]
\openout4 = `ORD_pres.vrb'.

 (ORD_pres.vrb
<fig/swmp_summary.png, id=787, 938.75719pt x 697.10437pt>
File: fig/swmp_summary.png Graphic file (type png)

<use fig/swmp_summary.png>
Package pdftex.def Info: fig/swmp_summary.png used on input line 8.
(pdftex.def)             Requested size: 138.6277pt x 102.93369pt.

<fig/swmp_comp.png, id=789, 941.76843pt x 672.26157pt>
File: fig/swmp_comp.png Graphic file (type png)
 <use fig/swmp_comp.png>
Package pdftex.def Info: fig/swmp_comp.png used on input line 12.
(pdftex.def)             Requested size: 144.01938pt x 102.80438pt.
)
File: fig/back_tmp.pdf Graphic file (type pdf)
<use fig/back_tmp.pdf>
Package pdftex.def Info: fig/back_tmp.pdf used on input line 563.
(pdftex.def)             Requested size: 364.20192pt x 273.15337pt.
 [26

 <./fig/swmp_summary.png> <./fig/swmp_comp.png>]
<fig/swmprats_home.png, id=817, 719.68875pt x 442.65375pt>
File: fig/swmprats_home.png Graphic file (type png)

<use fig/swmprats_home.png>
Package pdftex.def Info: fig/swmprats_home.png used on input line 569.
(pdftex.def)             Requested size: 256.72147pt x 157.90303pt.
File: fig/back_tmp.pdf Graphic file (type pdf)
 <use fig/back_tmp.pdf>
Package pdftex.def Info: fig/back_tmp.pdf used on input line 569.
(pdftex.def)             Requested size: 364.20192pt x 273.15337pt.
 [27

 <./fig/swmprats_home.png>]
File: fig/back_tmp.pdf Graphic file (type pdf)
 <use fig/back_tmp.pdf>
Package pdftex.def Info: fig/back_tmp.pdf used on input line 581.
(pdftex.def)             Requested size: 364.20192pt x 273.15337pt.
 [28

]
\tf@nav=\write6
\openout6 = `ORD_pres.nav'.

\tf@toc=\write7
\openout7 = `ORD_pres.toc'.

\tf@snm=\write8
\openout8 = `ORD_pres.snm'.

Package atveryend Info: Empty hook `BeforeClearDocument' on input line 583.
Package atveryend Info: Empty hook `AfterLastShipout' on input line 583.
 (ORD_pres.aux)
Package atveryend Info: Executing hook `AtVeryEndDocument' on input line 583.
Package atveryend Info: Executing hook `AtEndAfterFileList' on input line 583.
Package rerunfilecheck Info: File `ORD_pres.out' has not changed.
(rerunfilecheck)             Checksum: 1C50675A4B252AC591710FC9C21539E3;153.
 ) 
Here is how much of TeX's memory you used:
 33689 strings out of 493323
 698031 string characters out of 3139036
 784980 words of memory out of 3000000
 36516 multiletter control sequences out of 15000+200000
 537506 words of font info for 50 fonts, out of 3000000 for 9000
 1141 hyphenation exceptions out of 8191
 61i,15n,96p,10411b,868s stack positions out of 5000i,500n,10000p,200000b,50000s
<C:/Program Files/MiKTeX 2.9/fonts/type1/public/amsfonts/cm/cmbx10.pfb><C:/Pr
ogram Files/MiKTeX 2.9/fonts/type1/public/amsfonts/cm/cmbxti10.pfb><C:/Program 
Files/MiKTeX 2.9/fonts/type1/public/amsfonts/cm/cmitt10.pfb><C:/Program Files/M
iKTeX 2.9/fonts/type1/public/amsfonts/cm/cmmi10.pfb><C:/Program Files/MiKTeX 2.
9/fonts/type1/public/amsfonts/cm/cmr10.pfb><C:/Program Files/MiKTeX 2.9/fonts/t
ype1/public/amsfonts/cm/cmr12.pfb><C:/Program Files/MiKTeX 2.9/fonts/type1/publ
ic/amsfonts/cm/cmr6.pfb><C:/Program Files/MiKTeX 2.9/fonts/type1/public/amsfont
s/cm/cmr8.pfb><C:/Program Files/MiKTeX 2.9/fonts/type1/public/amsfonts/cm/cmtt1
0.pfb>
Output written on ORD_pres.pdf (28 pages, 4113194 bytes).
PDF statistics:
 913 PDF objects out of 1000 (max. 8388607)
 60 named destinations out of 1000 (max. 500000)
 270 words of extra memory for PDF output out of 10000 (max. 10000000)

